<!DOCTYPE HTML PUBLIC "-//W3C//DTD HTML 4.01 Transitional//EN">
<HTML>
 <HEAD>
   <TITLE> [X2Go-Commits] Build failed in Jenkins:	pinentry-x2go+nightly+epel-5 #2
   </TITLE>
   <LINK REL="Index" HREF="http://lists.berlios.de/pipermail/x2go-commits/2013-December/index.html" >
   <LINK REL="made" HREF="mailto:x2go-commits%40lists.berlios.de?Subject=Re%3A%20%5BX2Go-Commits%5D%20Build%20failed%20in%20Jenkins%3A%0A%09pinentry-x2go%2Bnightly%2Bepel-5%20%232&In-Reply-To=%3C1425735059.150.1386513980423.JavaMail.jenkins%40japsand%3E">
   <META NAME="robots" CONTENT="index,nofollow">
   <style type="text/css">
       pre {
           white-space: pre-wrap;       /* css-2.1, curent FF, Opera, Safari */
           }
   </style>
   <META http-equiv="Content-Type" content="text/html; charset=us-ascii">
   <LINK REL="Previous"  HREF="016695.html">
   <LINK REL="Next"  HREF="016723.html">
 </HEAD>
 <BODY BGCOLOR="#ffffff">
   <H1>[X2Go-Commits] Build failed in Jenkins:	pinentry-x2go+nightly+epel-5 #2</H1>
    <B>git-admin at x2go.org</B> 
    <A HREF="mailto:x2go-commits%40lists.berlios.de?Subject=Re%3A%20%5BX2Go-Commits%5D%20Build%20failed%20in%20Jenkins%3A%0A%09pinentry-x2go%2Bnightly%2Bepel-5%20%232&In-Reply-To=%3C1425735059.150.1386513980423.JavaMail.jenkins%40japsand%3E"
       TITLE="[X2Go-Commits] Build failed in Jenkins:	pinentry-x2go+nightly+epel-5 #2">git-admin at x2go.org
       </A><BR>
    <I>Sun Dec  8 15:46:20 CET 2013</I>
    <P><UL>
        <LI>Previous message: <A HREF="016695.html">[X2Go-Commits] Build failed in Jenkins:	pinentry-x2go+nightly+epel-5 #1
</A></li>
        <LI>Next message: <A HREF="016723.html">[X2Go-Commits] Build failed in Jenkins:	pinentry-x2go+nightly+epel-5 #3
</A></li>
         <LI> <B>Messages sorted by:</B> 
              <a href="date.html#16710">[ date ]</a>
              <a href="thread.html#16710">[ thread ]</a>
              <a href="subject.html#16710">[ subject ]</a>
              <a href="author.html#16710">[ author ]</a>
         </LI>
       </UL>
    <HR>  
<!--beginarticle-->
<PRE>See &lt;<A HREF="http://jenkins.x2go.org:8080/job/pinentry-x2go+nightly+epel-5/2/changes">http://jenkins.x2go.org:8080/job/pinentry-x2go+nightly+epel-5/2/changes</A>&gt;

Changes:

[mike.gabriel] fix package name of build-requirement qt(4)-devel

------------------------------------------
[...truncated 232 lines...]
+ sleep 30
+ '[' -d /var/lib/mock/epel-5-x86_64 ']'
+ echo 'Waiting for some other build to finish...'
Waiting for some other build to finish...
+ sleep 30
+ '[' -d /var/lib/mock/epel-5-x86_64 ']'
+ echo 'Waiting for some other build to finish...'
Waiting for some other build to finish...
+ sleep 30
+ '[' -d /var/lib/mock/epel-5-x86_64 ']'
+ echo 'Waiting for some other build to finish...'
Waiting for some other build to finish...
+ sleep 30
+ '[' -d /var/lib/mock/epel-5-x86_64 ']'
+ echo 'Waiting for some other build to finish...'
Waiting for some other build to finish...
+ sleep 30
+ '[' -d /var/lib/mock/epel-5-x86_64 ']'
+ echo 'Waiting for some other build to finish...'
Waiting for some other build to finish...
+ sleep 30
+ '[' -d /var/lib/mock/epel-5-x86_64 ']'
+ mock -r epel-5-x86_64 --result /var/lib/jenkins/pkg-dist/heuler/pinentry-x2go/epel/5/x86_64 /var/lib/jenkins/pkg-dist/heuler/pinentry-x2go/rpmbuild/SRPMS/pinentry-x2go-0.7.5.7-0.0x2go1.0.git20131208.52.heuler.src.rpm
INFO: mock.py version 1.1.33 starting...
Start: init plugins
INFO: selinux disabled
Finish: init plugins
Start: run
INFO: Start(/var/lib/jenkins/pkg-dist/heuler/pinentry-x2go/rpmbuild/SRPMS/pinentry-x2go-0.7.5.7-0.0x2go1.0.git20131208.52.heuler.src.rpm)  Config(epel-5-x86_64)
Start: lock buildroot
Start: clean chroot
Finish: clean chroot
Finish: lock buildroot
Start: chroot init
Start: lock buildroot
Mock Version: 1.1.33
INFO: Mock Version: 1.1.33
INFO: calling preinit hooks
INFO: enabled root cache
Start: unpacking root cache
Finish: unpacking root cache
INFO: enabled yum cache
Start: cleaning yum metadata
Finish: cleaning yum metadata
INFO: enabled ccache
Start: device setup
Finish: device setup
Start: yum update
Start: Outputting list of available packages
Finish: Outputting list of available packages
Finish: yum update
Finish: lock buildroot
Finish: chroot init
INFO: Installed packages:
Start: build phase for pinentry-x2go-0.7.5.7-0.0x2go1.0.git20131208.52.heuler.src.rpm
Start: device setup
Finish: device setup
Start: build setup for pinentry-x2go-0.7.5.7-0.0x2go1.0.git20131208.52.heuler.src.rpm
Finish: build setup for pinentry-x2go-0.7.5.7-0.0x2go1.0.git20131208.52.heuler.src.rpm
Start: rpmbuild -bb pinentry-x2go-0.7.5.7-0.0x2go1.0.git20131208.52.heuler.src.rpm
Start: Outputting list of installed packages
Finish: Outputting list of installed packages
ERROR: Exception(/var/lib/jenkins/pkg-dist/heuler/pinentry-x2go/rpmbuild/SRPMS/pinentry-x2go-0.7.5.7-0.0x2go1.0.git20131208.52.heuler.src.rpm) Config(epel-5-x86_64) 12 minutes 59 seconds
INFO: Results and/or logs in: /var/lib/jenkins/pkg-dist/heuler/pinentry-x2go/epel/5/x86_64
INFO: Cleaning up build root ('clean_on_failure=True')
Start: lock buildroot
Start: clean chroot
INFO: chroot (/var/lib/mock/epel-5-x86_64) unlocked and deleted
Finish: clean chroot
Finish: lock buildroot
ERROR: Command failed. See logs for output.
 # ['bash', '--login', '-c', 'rpmbuild -bb --target x86_64 --nodeps builddir/build/SPECS/pinentry-x2go.spec']
+ cat /var/lib/jenkins/pkg-dist/heuler/pinentry-x2go/epel/5/x86_64/build.log
Mock Version: 1.1.33
ENTER do(['bash', '--login', '-c', 'rpmbuild -bs --target x86_64 --nodeps builddir/build/SPECS/pinentry-x2go.spec'], False, '/var/lib/mock/epel-5-x86_64/root/', None, 0, True, False, 119, 133, None, False, {'LANG': 'en_GB.UTF-8', 'TERM': 'vt100', 'SHELL': '/bin/bash', 'CCACHE_DIR': '/tmp/ccache', 'HOSTNAME': 'mock', 'PROMPT_COMMAND': 'echo -n &quot;&lt;mock-chroot&gt;&quot;', 'HOME': '/builddir', 'PATH': '/usr/bin:/bin:/usr/sbin:/sbin', 'CCACHE_UMASK': '002'}, logger=&lt;mockbuild.trace_decorator.getLog object at 0x13bfd10&gt;)
Executing command: ['bash', '--login', '-c', 'rpmbuild -bs --target x86_64 --nodeps builddir/build/SPECS/pinentry-x2go.spec'] with env {'LANG': 'en_GB.UTF-8', 'TERM': 'vt100', 'SHELL': '/bin/bash', 'CCACHE_DIR': '/tmp/ccache', 'HOSTNAME': 'mock', 'PROMPT_COMMAND': 'echo -n &quot;&lt;mock-chroot&gt;&quot;', 'HOME': '/builddir', 'PATH': '/usr/bin:/bin:/usr/sbin:/sbin', 'CCACHE_UMASK': '002'}
Building target platforms: x86_64
Building for target x86_64
Wrote: /builddir/build/SRPMS/pinentry-x2go-0.7.5.7-0.0x2go1.0.git20131208.52.heuler.el5.centos.src.rpm
Child return code was: 0
LEAVE do --&gt; 

ENTER do(['bash', '--login', '-c', 'rpmbuild -bb --target x86_64 --nodeps builddir/build/SPECS/pinentry-x2go.spec'], False, '/var/lib/mock/epel-5-x86_64/root/', None, 0, True, False, 119, 133, None, False, {'LANG': 'en_GB.UTF-8', 'TERM': 'vt100', 'SHELL': '/bin/bash', 'CCACHE_DIR': '/tmp/ccache', 'HOSTNAME': 'mock', 'PROMPT_COMMAND': 'echo -n &quot;&lt;mock-chroot&gt;&quot;', 'HOME': '/builddir', 'PATH': '/usr/bin:/bin:/usr/sbin:/sbin', 'CCACHE_UMASK': '002'}, logger=&lt;mockbuild.trace_decorator.getLog object at 0x13bfd10&gt;)
Executing command: ['bash', '--login', '-c', 'rpmbuild -bb --target x86_64 --nodeps builddir/build/SPECS/pinentry-x2go.spec'] with env {'LANG': 'en_GB.UTF-8', 'TERM': 'vt100', 'SHELL': '/bin/bash', 'CCACHE_DIR': '/tmp/ccache', 'HOSTNAME': 'mock', 'PROMPT_COMMAND': 'echo -n &quot;&lt;mock-chroot&gt;&quot;', 'HOME': '/builddir', 'PATH': '/usr/bin:/bin:/usr/sbin:/sbin', 'CCACHE_UMASK': '002'}
Building target platforms: x86_64
Building for target x86_64
Executing(%prep): /bin/sh -e /var/tmp/rpm-tmp.12369
+ umask 022
+ cd /builddir/build/BUILD
+ LANG=C
+ export LANG
+ unset DISPLAY
+ cd /builddir/build/BUILD
+ rm -rf pinentry-x2go-0.7.5.7
+ tar -xf -
+ /bin/gzip -dc /builddir/build/SOURCES/pinentry-x2go-0.7.5.7.tar.gz
+ STATUS=0
+ '[' 0 -ne 0 ']'
+ cd pinentry-x2go-0.7.5.7
++ /usr/bin/id -u
+ '[' 119 = 0 ']'
++ /usr/bin/id -u
+ '[' 119 = 0 ']'
+ /bin/chmod -Rf a+rX,u+w,g-w,o-w .
+ exit 0
Executing(%build): /bin/sh -e /var/tmp/rpm-tmp.79453
+ umask 022
+ cd /builddir/build/BUILD
+ cd pinentry-x2go-0.7.5.7
+ LANG=C
+ export LANG
+ unset DISPLAY
+ '[' '!' -e configure ']'
+ autoreconf -fi
configure.ac: installing `./install-sh'
configure.ac: installing `./missing'
assuan/Makefile.am: installing `./depcomp'
doc/Makefile.am:21: installing `doc/mdate-sh'
doc/Makefile.am:21: installing `doc/texinfo.tex'
configure.ac:36: installing `./config.guess'
`/usr/lib/rpm/redhat/config.guess' -&gt; `./config.guess'
`/usr/lib/rpm/redhat/config.sub' -&gt; `./config.sub'
configure.ac:36: installing `./config.sub'
+ CFLAGS='-O2 -g -pipe -Wall -Wp,-D_FORTIFY_SOURCE=2 -fexceptions -fstack-protector --param=ssp-buffer-size=4 -m64 -mtune=generic'
+ export CFLAGS
+ CXXFLAGS='-O2 -g -pipe -Wall -Wp,-D_FORTIFY_SOURCE=2 -fexceptions -fstack-protector --param=ssp-buffer-size=4 -m64 -mtune=generic'
+ export CXXFLAGS
+ FFLAGS='-O2 -g -pipe -Wall -Wp,-D_FORTIFY_SOURCE=2 -fexceptions -fstack-protector --param=ssp-buffer-size=4 -m64 -mtune=generic'
+ export FFLAGS
++ find . -name config.guess -o -name config.sub
+ for i in '$(find . -name config.guess -o -name config.sub)'
++ basename ./config.guess
+ '[' -f /usr/lib/rpm/redhat/config.guess ']'
+ /bin/rm -f ./config.guess
++ basename ./config.guess
+ /bin/cp -fv /usr/lib/rpm/redhat/config.guess ./config.guess
+ for i in '$(find . -name config.guess -o -name config.sub)'
++ basename ./config.sub
+ '[' -f /usr/lib/rpm/redhat/config.sub ']'
+ /bin/rm -f ./config.sub
++ basename ./config.sub
+ /bin/cp -fv /usr/lib/rpm/redhat/config.sub ./config.sub
+ ./configure --build=x86_64-redhat-linux-gnu --host=x86_64-redhat-linux-gnu --target=x86_64-redhat-linux-gnu --program-prefix= --prefix=/usr --exec-prefix=/usr --bindir=/usr/bin --sbindir=/usr/sbin --sysconfdir=/etc --datadir=/usr/share --includedir=/usr/include --libdir=/usr/lib64 --libexecdir=/usr/libexec --localstatedir=/var --sharedstatedir=/usr/com --mandir=/usr/share/man --infodir=/usr/share/info
checking for a BSD-compatible install... /usr/bin/install -c
checking whether build environment is sane... yes
checking for gawk... gawk
checking whether make sets $(MAKE)... yes
checking whether to enable maintainer-specific portions of Makefiles... no
checking build system type... x86_64-redhat-linux-gnu
checking host system type... x86_64-redhat-linux-gnu
checking for x86_64-redhat-linux-gnu-gcc... no
checking for gcc... gcc
checking for C compiler default output file name... a.out
checking whether the C compiler works... yes
checking whether we are cross compiling... no
checking for suffix of executables... 
checking for suffix of object files... o
checking whether we are using the GNU C compiler... yes
checking whether gcc accepts -g... yes
checking for gcc option to accept ANSI C... none needed
checking for style of include used by make... GNU
checking dependency style of gcc... gcc3
checking how to run the C preprocessor... gcc -E
checking for a BSD-compatible install... /usr/bin/install -c
checking for x86_64-redhat-linux-gnu-ranlib... no
checking for ranlib... ranlib
checking for x86_64-redhat-linux-gnu-g++... no
checking for x86_64-redhat-linux-gnu-c++... no
checking for x86_64-redhat-linux-gnu-gpp... no
checking for x86_64-redhat-linux-gnu-aCC... no
checking for x86_64-redhat-linux-gnu-CC... no
checking for x86_64-redhat-linux-gnu-cxx... no
checking for x86_64-redhat-linux-gnu-cc++... no
checking for x86_64-redhat-linux-gnu-cl... no
checking for x86_64-redhat-linux-gnu-FCC... no
checking for x86_64-redhat-linux-gnu-KCC... no
checking for x86_64-redhat-linux-gnu-RCC... no
checking for x86_64-redhat-linux-gnu-xlC_r... no
checking for x86_64-redhat-linux-gnu-xlC... no
checking for g++... g++
checking whether we are using the GNU C++ compiler... yes
checking whether g++ accepts -g... yes
checking dependency style of g++... gcc3
checking whether ln -s works... yes
checking for x86_64-redhat-linux-gnu-windres... no
checking for windres... :
./configure: line 4012: 0: command not found
checking if gcc supports -Wno-pointer-sign... yes
checking for egrep... grep -E
checking for ANSI C header files... yes
checking for sys/types.h... yes
checking for sys/stat.h... yes
checking for stdlib.h... yes
checking for string.h... yes
checking for memory.h... yes
checking for strings.h... yes
checking for inttypes.h... yes
checking for stdint.h... yes
checking for unistd.h... yes
checking for string.h... (cached) yes
checking for unistd.h... (cached) yes
checking langinfo.h usability... yes
checking langinfo.h presence... yes
checking for langinfo.h... yes
checking termio.h usability... yes
checking termio.h presence... yes
checking for termio.h... yes
checking locale.h usability... yes
checking locale.h presence... yes
checking for locale.h... yes
checking utime.h usability... yes
checking utime.h presence... yes
checking for utime.h... yes
checking for seteuid... yes
checking for stpcpy... yes
checking for mmap... yes
checking for mlock... yes
checking whether mlock is broken... no
checking for byte typedef... no
checking for ulong typedef... yes
checking for setcap... :
checking for cap_set_proc in -lcap... yes
configure: creating ./config.status
config.status: creating assuan/Makefile
config.status: creating secmem/Makefile
config.status: creating pinentry/Makefile
config.status: creating doc/Makefile
config.status: creating Makefile
config.status: creating config.h
config.status: executing depfiles commands
configure: error: qmake not found
error: Bad exit status from /var/tmp/rpm-tmp.79453 (%build)
    Bad exit status from /var/tmp/rpm-tmp.79453 (%build)
RPM build errors:
Child return code was: 1
EXCEPTION: Command failed. See logs for output.
 # ['bash', '--login', '-c', 'rpmbuild -bb --target x86_64 --nodeps builddir/build/SPECS/pinentry-x2go.spec']
Traceback (most recent call last):
  File &quot;/usr/lib/python2.7/dist-packages/mockbuild/trace_decorator.py&quot;, line 70, in trace
    result = func(*args, **kw)
  File &quot;/usr/lib/python2.7/dist-packages/mockbuild/util.py&quot;, line 361, in do
    raise mockbuild.exception.Error, (&quot;Command failed. See logs for output.\n # %s&quot; % (command,), child.returncode)
Error: Command failed. See logs for output.
 # ['bash', '--login', '-c', 'rpmbuild -bb --target x86_64 --nodeps builddir/build/SPECS/pinentry-x2go.spec']
LEAVE do --&gt; EXCEPTION RAISED

+ rm -Rf /var/lib/jenkins/tmp/tmp.E1RQIpd5uZ
+ exit -1
Build step 'Execute shell' marked build as failure
</PRE>

















<!--endarticle-->
    <HR>
    <P><UL>
        <!--threads-->
	<LI>Previous message: <A HREF="016695.html">[X2Go-Commits] Build failed in Jenkins:	pinentry-x2go+nightly+epel-5 #1
</A></li>
	<LI>Next message: <A HREF="016723.html">[X2Go-Commits] Build failed in Jenkins:	pinentry-x2go+nightly+epel-5 #3
</A></li>
         <LI> <B>Messages sorted by:</B> 
              <a href="date.html#16710">[ date ]</a>
              <a href="thread.html#16710">[ thread ]</a>
              <a href="subject.html#16710">[ subject ]</a>
              <a href="author.html#16710">[ author ]</a>
         </LI>
       </UL>

<hr>
<a href="https://lists.berlios.de/mailman/listinfo/x2go-commits">More information about the X2Go-commits
mailing list</a><br>
</body></html>
